2014/08/11 21:05:17 [warning] [application] 404 - 
2014/08/11 21:05:17 [error] [exception.Craft\HttpException.404] exception 'Craft\HttpException' in /Users/bcfeeney/Sites/Fain/craft/app/controllers/TemplatesController.php:36
Stack trace:
#0 [internal function]: Craft\TemplatesController->actionRender('public/css/font...', Array)
#1 /Users/bcfeeney/Sites/Fain/craft/app/framework/web/actions/CAction.php(108): ReflectionMethod->invokeArgs(Object(Craft\TemplatesController), Array)
#2 /Users/bcfeeney/Sites/Fain/craft/app/framework/web/actions/CInlineAction.php(47): CAction->runWithParamsInternal(Object(Craft\TemplatesController), Object(ReflectionMethod), Array)
#3 /Users/bcfeeney/Sites/Fain/craft/app/framework/web/CController.php(308): CInlineAction->runWithParams(Array)
#4 /Users/bcfeeney/Sites/Fain/craft/app/framework/web/CController.php(286): CController->runAction(Object(CInlineAction))
#5 /Users/bcfeeney/Sites/Fain/craft/app/framework/web/CController.php(265): CController->runActionWithFilters(Object(CInlineAction), NULL)
#6 /Users/bcfeeney/Sites/Fain/craft/app/framework/web/CWebApplication.php(282): CController->run('render')
#7 /Users/bcfeeney/Sites/Fain/craft/app/framework/web/CWebApplication.php(141): CWebApplication->runController('templates/rende...')
#8 /Users/bcfeeney/Sites/Fain/craft/app/etc/web/WebApp.php(257): CWebApplication->processRequest()
#9 /Users/bcfeeney/Sites/Fain/craft/app/framework/base/CApplication.php(180): Craft\WebApp->processRequest()
#10 /Users/bcfeeney/Sites/Fain/craft/app/index.php(196): CApplication->run()
#11 /Users/bcfeeney/Sites/Fain/index.php(14): require_once('/Users/bcfeeney...')
#12 {main}
REQUEST_URI=/public/css/fonts/clay-fain.svg
HTTP_REFERER=http://clayfain.dev/dashboard
---

******************************************************************************************************
2014/08/11 21:05:31 [warning] [application] 404 - 
2014/08/11 21:05:31 [error] [exception.Craft\HttpException.404] exception 'Craft\HttpException' in /Users/bcfeeney/Sites/Fain/craft/app/controllers/TemplatesController.php:36
Stack trace:
#0 [internal function]: Craft\TemplatesController->actionRender('public/css/fain...', Array)
#1 /Users/bcfeeney/Sites/Fain/craft/app/framework/web/actions/CAction.php(108): ReflectionMethod->invokeArgs(Object(Craft\TemplatesController), Array)
#2 /Users/bcfeeney/Sites/Fain/craft/app/framework/web/actions/CInlineAction.php(47): CAction->runWithParamsInternal(Object(Craft\TemplatesController), Object(ReflectionMethod), Array)
#3 /Users/bcfeeney/Sites/Fain/craft/app/framework/web/CController.php(308): CInlineAction->runWithParams(Array)
#4 /Users/bcfeeney/Sites/Fain/craft/app/framework/web/CController.php(286): CController->runAction(Object(CInlineAction))
#5 /Users/bcfeeney/Sites/Fain/craft/app/framework/web/CController.php(265): CController->runActionWithFilters(Object(CInlineAction), NULL)
#6 /Users/bcfeeney/Sites/Fain/craft/app/framework/web/CWebApplication.php(282): CController->run('render')
#7 /Users/bcfeeney/Sites/Fain/craft/app/framework/web/CWebApplication.php(141): CWebApplication->runController('templates/rende...')
#8 /Users/bcfeeney/Sites/Fain/craft/app/etc/web/WebApp.php(257): CWebApplication->processRequest()
#9 /Users/bcfeeney/Sites/Fain/craft/app/framework/base/CApplication.php(180): Craft\WebApp->processRequest()
#10 /Users/bcfeeney/Sites/Fain/craft/app/index.php(196): CApplication->run()
#11 /Users/bcfeeney/Sites/Fain/index.php(14): require_once('/Users/bcfeeney...')
#12 {main}
REQUEST_URI=/public/css/fain-font.css
HTTP_REFERER=http://clayfain.dev/dashboard
---

******************************************************************************************************
2014/08/11 21:05:31 [warning] [application] 404 - 
2014/08/11 21:05:31 [error] [exception.Craft\HttpException.404] exception 'Craft\HttpException' in /Users/bcfeeney/Sites/Fain/craft/app/controllers/TemplatesController.php:36
Stack trace:
#0 [internal function]: Craft\TemplatesController->actionRender('public/css/font...', Array)
#1 /Users/bcfeeney/Sites/Fain/craft/app/framework/web/actions/CAction.php(108): ReflectionMethod->invokeArgs(Object(Craft\TemplatesController), Array)
#2 /Users/bcfeeney/Sites/Fain/craft/app/framework/web/actions/CInlineAction.php(47): CAction->runWithParamsInternal(Object(Craft\TemplatesController), Object(ReflectionMethod), Array)
#3 /Users/bcfeeney/Sites/Fain/craft/app/framework/web/CController.php(308): CInlineAction->runWithParams(Array)
#4 /Users/bcfeeney/Sites/Fain/craft/app/framework/web/CController.php(286): CController->runAction(Object(CInlineAction))
#5 /Users/bcfeeney/Sites/Fain/craft/app/framework/web/CController.php(265): CController->runActionWithFilters(Object(CInlineAction), NULL)
#6 /Users/bcfeeney/Sites/Fain/craft/app/framework/web/CWebApplication.php(282): CController->run('render')
#7 /Users/bcfeeney/Sites/Fain/craft/app/framework/web/CWebApplication.php(141): CWebApplication->runController('templates/rende...')
#8 /Users/bcfeeney/Sites/Fain/craft/app/etc/web/WebApp.php(257): CWebApplication->processRequest()
#9 /Users/bcfeeney/Sites/Fain/craft/app/framework/base/CApplication.php(180): Craft\WebApp->processRequest()
#10 /Users/bcfeeney/Sites/Fain/craft/app/index.php(196): CApplication->run()
#11 /Users/bcfeeney/Sites/Fain/index.php(14): require_once('/Users/bcfeeney...')
#12 {main}
REQUEST_URI=/public/css/fonts/clay-fain.woff
HTTP_REFERER=http://clayfain.dev/dashboard
---

******************************************************************************************************
2014/08/11 21:05:32 [warning] [application] 404 - 
2014/08/11 21:05:32 [error] [exception.Craft\HttpException.404] exception 'Craft\HttpException' in /Users/bcfeeney/Sites/Fain/craft/app/controllers/TemplatesController.php:36
Stack trace:
#0 [internal function]: Craft\TemplatesController->actionRender('public/css/font...', Array)
#1 /Users/bcfeeney/Sites/Fain/craft/app/framework/web/actions/CAction.php(108): ReflectionMethod->invokeArgs(Object(Craft\TemplatesController), Array)
#2 /Users/bcfeeney/Sites/Fain/craft/app/framework/web/actions/CInlineAction.php(47): CAction->runWithParamsInternal(Object(Craft\TemplatesController), Object(ReflectionMethod), Array)
#3 /Users/bcfeeney/Sites/Fain/craft/app/framework/web/CController.php(308): CInlineAction->runWithParams(Array)
#4 /Users/bcfeeney/Sites/Fain/craft/app/framework/web/CController.php(286): CController->runAction(Object(CInlineAction))
#5 /Users/bcfeeney/Sites/Fain/craft/app/framework/web/CController.php(265): CController->runActionWithFilters(Object(CInlineAction), NULL)
#6 /Users/bcfeeney/Sites/Fain/craft/app/framework/web/CWebApplication.php(282): CController->run('render')
#7 /Users/bcfeeney/Sites/Fain/craft/app/framework/web/CWebApplication.php(141): CWebApplication->runController('templates/rende...')
#8 /Users/bcfeeney/Sites/Fain/craft/app/etc/web/WebApp.php(257): CWebApplication->processRequest()
#9 /Users/bcfeeney/Sites/Fain/craft/app/framework/base/CApplication.php(180): Craft\WebApp->processRequest()
#10 /Users/bcfeeney/Sites/Fain/craft/app/index.php(196): CApplication->run()
#11 /Users/bcfeeney/Sites/Fain/index.php(14): require_once('/Users/bcfeeney...')
#12 {main}
REQUEST_URI=/public/css/fonts/clay-fain.ttf
HTTP_REFERER=http://clayfain.dev/dashboard
---

******************************************************************************************************
2014/08/11 21:05:32 [warning] [application] 404 - 
2014/08/11 21:05:32 [error] [exception.Craft\HttpException.404] exception 'Craft\HttpException' in /Users/bcfeeney/Sites/Fain/craft/app/controllers/TemplatesController.php:36
Stack trace:
#0 [internal function]: Craft\TemplatesController->actionRender('public/css/font...', Array)
#1 /Users/bcfeeney/Sites/Fain/craft/app/framework/web/actions/CAction.php(108): ReflectionMethod->invokeArgs(Object(Craft\TemplatesController), Array)
#2 /Users/bcfeeney/Sites/Fain/craft/app/framework/web/actions/CInlineAction.php(47): CAction->runWithParamsInternal(Object(Craft\TemplatesController), Object(ReflectionMethod), Array)
#3 /Users/bcfeeney/Sites/Fain/craft/app/framework/web/CController.php(308): CInlineAction->runWithParams(Array)
#4 /Users/bcfeeney/Sites/Fain/craft/app/framework/web/CController.php(286): CController->runAction(Object(CInlineAction))
#5 /Users/bcfeeney/Sites/Fain/craft/app/framework/web/CController.php(265): CController->runActionWithFilters(Object(CInlineAction), NULL)
#6 /Users/bcfeeney/Sites/Fain/craft/app/framework/web/CWebApplication.php(282): CController->run('render')
#7 /Users/bcfeeney/Sites/Fain/craft/app/framework/web/CWebApplication.php(141): CWebApplication->runController('templates/rende...')
#8 /Users/bcfeeney/Sites/Fain/craft/app/etc/web/WebApp.php(257): CWebApplication->processRequest()
#9 /Users/bcfeeney/Sites/Fain/craft/app/framework/base/CApplication.php(180): Craft\WebApp->processRequest()
#10 /Users/bcfeeney/Sites/Fain/craft/app/index.php(196): CApplication->run()
#11 /Users/bcfeeney/Sites/Fain/index.php(14): require_once('/Users/bcfeeney...')
#12 {main}
REQUEST_URI=/public/css/fonts/clay-fain.svg
HTTP_REFERER=http://clayfain.dev/dashboard
---

******************************************************************************************************
2014/08/11 21:05:48 [warning] [application] 404 - 
2014/08/11 21:05:48 [error] [exception.Craft\HttpException.404] exception 'Craft\HttpException' in /Users/bcfeeney/Sites/Fain/craft/app/controllers/TemplatesController.php:36
Stack trace:
#0 [internal function]: Craft\TemplatesController->actionRender('public/css/fain...', Array)
#1 /Users/bcfeeney/Sites/Fain/craft/app/framework/web/actions/CAction.php(108): ReflectionMethod->invokeArgs(Object(Craft\TemplatesController), Array)
#2 /Users/bcfeeney/Sites/Fain/craft/app/framework/web/actions/CInlineAction.php(47): CAction->runWithParamsInternal(Object(Craft\TemplatesController), Object(ReflectionMethod), Array)
#3 /Users/bcfeeney/Sites/Fain/craft/app/framework/web/CController.php(308): CInlineAction->runWithParams(Array)
#4 /Users/bcfeeney/Sites/Fain/craft/app/framework/web/CController.php(286): CController->runAction(Object(CInlineAction))
#5 /Users/bcfeeney/Sites/Fain/craft/app/framework/web/CController.php(265): CController->runActionWithFilters(Object(CInlineAction), NULL)
#6 /Users/bcfeeney/Sites/Fain/craft/app/framework/web/CWebApplication.php(282): CController->run('render')
#7 /Users/bcfeeney/Sites/Fain/craft/app/framework/web/CWebApplication.php(141): CWebApplication->runController('templates/rende...')
#8 /Users/bcfeeney/Sites/Fain/craft/app/etc/web/WebApp.php(257): CWebApplication->processRequest()
#9 /Users/bcfeeney/Sites/Fain/craft/app/framework/base/CApplication.php(180): Craft\WebApp->processRequest()
#10 /Users/bcfeeney/Sites/Fain/craft/app/index.php(196): CApplication->run()
#11 /Users/bcfeeney/Sites/Fain/index.php(14): require_once('/Users/bcfeeney...')
#12 {main}
REQUEST_URI=/public/css/fain-font.css
HTTP_REFERER=http://clayfain.dev/dashboard
---

******************************************************************************************************
2014/08/11 21:05:49 [warning] [application] 404 - 
2014/08/11 21:05:49 [error] [exception.Craft\HttpException.404] exception 'Craft\HttpException' in /Users/bcfeeney/Sites/Fain/craft/app/controllers/TemplatesController.php:36
Stack trace:
#0 [internal function]: Craft\TemplatesController->actionRender('fonts/clay-fain...', Array)
#1 /Users/bcfeeney/Sites/Fain/craft/app/framework/web/actions/CAction.php(108): ReflectionMethod->invokeArgs(Object(Craft\TemplatesController), Array)
#2 /Users/bcfeeney/Sites/Fain/craft/app/framework/web/actions/CInlineAction.php(47): CAction->runWithParamsInternal(Object(Craft\TemplatesController), Object(ReflectionMethod), Array)
#3 /Users/bcfeeney/Sites/Fain/craft/app/framework/web/CController.php(308): CInlineAction->runWithParams(Array)
#4 /Users/bcfeeney/Sites/Fain/craft/app/framework/web/CController.php(286): CController->runAction(Object(CInlineAction))
#5 /Users/bcfeeney/Sites/Fain/craft/app/framework/web/CController.php(265): CController->runActionWithFilters(Object(CInlineAction), NULL)
#6 /Users/bcfeeney/Sites/Fain/craft/app/framework/web/CWebApplication.php(282): CController->run('render')
#7 /Users/bcfeeney/Sites/Fain/craft/app/framework/web/CWebApplication.php(141): CWebApplication->runController('templates/rende...')
#8 /Users/bcfeeney/Sites/Fain/craft/app/etc/web/WebApp.php(257): CWebApplication->processRequest()
#9 /Users/bcfeeney/Sites/Fain/craft/app/framework/base/CApplication.php(180): Craft\WebApp->processRequest()
#10 /Users/bcfeeney/Sites/Fain/craft/app/index.php(196): CApplication->run()
#11 /Users/bcfeeney/Sites/Fain/index.php(14): require_once('/Users/bcfeeney...')
#12 {main}
REQUEST_URI=/fonts/clay-fain.woff
HTTP_REFERER=http://clayfain.dev/dashboard
---

******************************************************************************************************
2014/08/11 21:05:49 [warning] [application] 404 - 
2014/08/11 21:05:49 [error] [exception.Craft\HttpException.404] exception 'Craft\HttpException' in /Users/bcfeeney/Sites/Fain/craft/app/controllers/TemplatesController.php:36
Stack trace:
#0 [internal function]: Craft\TemplatesController->actionRender('fonts/clay-fain...', Array)
#1 /Users/bcfeeney/Sites/Fain/craft/app/framework/web/actions/CAction.php(108): ReflectionMethod->invokeArgs(Object(Craft\TemplatesController), Array)
#2 /Users/bcfeeney/Sites/Fain/craft/app/framework/web/actions/CInlineAction.php(47): CAction->runWithParamsInternal(Object(Craft\TemplatesController), Object(ReflectionMethod), Array)
#3 /Users/bcfeeney/Sites/Fain/craft/app/framework/web/CController.php(308): CInlineAction->runWithParams(Array)
#4 /Users/bcfeeney/Sites/Fain/craft/app/framework/web/CController.php(286): CController->runAction(Object(CInlineAction))
#5 /Users/bcfeeney/Sites/Fain/craft/app/framework/web/CController.php(265): CController->runActionWithFilters(Object(CInlineAction), NULL)
#6 /Users/bcfeeney/Sites/Fain/craft/app/framework/web/CWebApplication.php(282): CController->run('render')
#7 /Users/bcfeeney/Sites/Fain/craft/app/framework/web/CWebApplication.php(141): CWebApplication->runController('templates/rende...')
#8 /Users/bcfeeney/Sites/Fain/craft/app/etc/web/WebApp.php(257): CWebApplication->processRequest()
#9 /Users/bcfeeney/Sites/Fain/craft/app/framework/base/CApplication.php(180): Craft\WebApp->processRequest()
#10 /Users/bcfeeney/Sites/Fain/craft/app/index.php(196): CApplication->run()
#11 /Users/bcfeeney/Sites/Fain/index.php(14): require_once('/Users/bcfeeney...')
#12 {main}
REQUEST_URI=/fonts/clay-fain.ttf
HTTP_REFERER=http://clayfain.dev/dashboard
---

******************************************************************************************************
2014/08/11 21:05:50 [warning] [application] 404 - 
2014/08/11 21:05:50 [error] [exception.Craft\HttpException.404] exception 'Craft\HttpException' in /Users/bcfeeney/Sites/Fain/craft/app/controllers/TemplatesController.php:36
Stack trace:
#0 [internal function]: Craft\TemplatesController->actionRender('fonts/clay-fain...', Array)
#1 /Users/bcfeeney/Sites/Fain/craft/app/framework/web/actions/CAction.php(108): ReflectionMethod->invokeArgs(Object(Craft\TemplatesController), Array)
#2 /Users/bcfeeney/Sites/Fain/craft/app/framework/web/actions/CInlineAction.php(47): CAction->runWithParamsInternal(Object(Craft\TemplatesController), Object(ReflectionMethod), Array)
#3 /Users/bcfeeney/Sites/Fain/craft/app/framework/web/CController.php(308): CInlineAction->runWithParams(Array)
#4 /Users/bcfeeney/Sites/Fain/craft/app/framework/web/CController.php(286): CController->runAction(Object(CInlineAction))
#5 /Users/bcfeeney/Sites/Fain/craft/app/framework/web/CController.php(265): CController->runActionWithFilters(Object(CInlineAction), NULL)
#6 /Users/bcfeeney/Sites/Fain/craft/app/framework/web/CWebApplication.php(282): CController->run('render')
#7 /Users/bcfeeney/Sites/Fain/craft/app/framework/web/CWebApplication.php(141): CWebApplication->runController('templates/rende...')
#8 /Users/bcfeeney/Sites/Fain/craft/app/etc/web/WebApp.php(257): CWebApplication->processRequest()
#9 /Users/bcfeeney/Sites/Fain/craft/app/framework/base/CApplication.php(180): Craft\WebApp->processRequest()
#10 /Users/bcfeeney/Sites/Fain/craft/app/index.php(196): CApplication->run()
#11 /Users/bcfeeney/Sites/Fain/index.php(14): require_once('/Users/bcfeeney...')
#12 {main}
REQUEST_URI=/fonts/clay-fain.svg
HTTP_REFERER=http://clayfain.dev/dashboard
---

******************************************************************************************************
2014/08/11 21:06:09 [warning] [application] 404 - 
2014/08/11 21:06:09 [error] [exception.Craft\HttpException.404] exception 'Craft\HttpException' in /Users/bcfeeney/Sites/Fain/craft/app/controllers/TemplatesController.php:36
Stack trace:
#0 [internal function]: Craft\TemplatesController->actionRender('public/css/fain...', Array)
#1 /Users/bcfeeney/Sites/Fain/craft/app/framework/web/actions/CAction.php(108): ReflectionMethod->invokeArgs(Object(Craft\TemplatesController), Array)
#2 /Users/bcfeeney/Sites/Fain/craft/app/framework/web/actions/CInlineAction.php(47): CAction->runWithParamsInternal(Object(Craft\TemplatesController), Object(ReflectionMethod), Array)
#3 /Users/bcfeeney/Sites/Fain/craft/app/framework/web/CController.php(308): CInlineAction->runWithParams(Array)
#4 /Users/bcfeeney/Sites/Fain/craft/app/framework/web/CController.php(286): CController->runAction(Object(CInlineAction))
#5 /Users/bcfeeney/Sites/Fain/craft/app/framework/web/CController.php(265): CController->runActionWithFilters(Object(CInlineAction), NULL)
#6 /Users/bcfeeney/Sites/Fain/craft/app/framework/web/CWebApplication.php(282): CController->run('render')
#7 /Users/bcfeeney/Sites/Fain/craft/app/framework/web/CWebApplication.php(141): CWebApplication->runController('templates/rende...')
#8 /Users/bcfeeney/Sites/Fain/craft/app/etc/web/WebApp.php(257): CWebApplication->processRequest()
#9 /Users/bcfeeney/Sites/Fain/craft/app/framework/base/CApplication.php(180): Craft\WebApp->processRequest()
#10 /Users/bcfeeney/Sites/Fain/craft/app/index.php(196): CApplication->run()
#11 /Users/bcfeeney/Sites/Fain/index.php(14): require_once('/Users/bcfeeney...')
#12 {main}
REQUEST_URI=/public/css/fain-font.css
HTTP_REFERER=http://clayfain.dev/dashboard
---

******************************************************************************************************
2014/08/11 21:06:09 [warning] [application] 404 - 
2014/08/11 21:06:09 [error] [exception.Craft\HttpException.404] exception 'Craft\HttpException' in /Users/bcfeeney/Sites/Fain/craft/app/controllers/TemplatesController.php:36
Stack trace:
#0 [internal function]: Craft\TemplatesController->actionRender('public/css/pubi...', Array)
#1 /Users/bcfeeney/Sites/Fain/craft/app/framework/web/actions/CAction.php(108): ReflectionMethod->invokeArgs(Object(Craft\TemplatesController), Array)
#2 /Users/bcfeeney/Sites/Fain/craft/app/framework/web/actions/CInlineAction.php(47): CAction->runWithParamsInternal(Object(Craft\TemplatesController), Object(ReflectionMethod), Array)
#3 /Users/bcfeeney/Sites/Fain/craft/app/framework/web/CController.php(308): CInlineAction->runWithParams(Array)
#4 /Users/bcfeeney/Sites/Fain/craft/app/framework/web/CController.php(286): CController->runAction(Object(CInlineAction))
#5 /Users/bcfeeney/Sites/Fain/craft/app/framework/web/CController.php(265): CController->runActionWithFilters(Object(CInlineAction), NULL)
#6 /Users/bcfeeney/Sites/Fain/craft/app/framework/web/CWebApplication.php(282): CController->run('render')
#7 /Users/bcfeeney/Sites/Fain/craft/app/framework/web/CWebApplication.php(141): CWebApplication->runController('templates/rende...')
#8 /Users/bcfeeney/Sites/Fain/craft/app/etc/web/WebApp.php(257): CWebApplication->processRequest()
#9 /Users/bcfeeney/Sites/Fain/craft/app/framework/base/CApplication.php(180): Craft\WebApp->processRequest()
#10 /Users/bcfeeney/Sites/Fain/craft/app/index.php(196): CApplication->run()
#11 /Users/bcfeeney/Sites/Fain/index.php(14): require_once('/Users/bcfeeney...')
#12 {main}
REQUEST_URI=/public/css/pubic/fonts/clay-fain.woff
HTTP_REFERER=http://clayfain.dev/dashboard
---

******************************************************************************************************
2014/08/11 21:06:09 [warning] [application] 404 - 
2014/08/11 21:06:09 [error] [exception.Craft\HttpException.404] exception 'Craft\HttpException' in /Users/bcfeeney/Sites/Fain/craft/app/controllers/TemplatesController.php:36
Stack trace:
#0 [internal function]: Craft\TemplatesController->actionRender('public/css/pubi...', Array)
#1 /Users/bcfeeney/Sites/Fain/craft/app/framework/web/actions/CAction.php(108): ReflectionMethod->invokeArgs(Object(Craft\TemplatesController), Array)
#2 /Users/bcfeeney/Sites/Fain/craft/app/framework/web/actions/CInlineAction.php(47): CAction->runWithParamsInternal(Object(Craft\TemplatesController), Object(ReflectionMethod), Array)
#3 /Users/bcfeeney/Sites/Fain/craft/app/framework/web/CController.php(308): CInlineAction->runWithParams(Array)
#4 /Users/bcfeeney/Sites/Fain/craft/app/framework/web/CController.php(286): CController->runAction(Object(CInlineAction))
#5 /Users/bcfeeney/Sites/Fain/craft/app/framework/web/CController.php(265): CController->runActionWithFilters(Object(CInlineAction), NULL)
#6 /Users/bcfeeney/Sites/Fain/craft/app/framework/web/CWebApplication.php(282): CController->run('render')
#7 /Users/bcfeeney/Sites/Fain/craft/app/framework/web/CWebApplication.php(141): CWebApplication->runController('templates/rende...')
#8 /Users/bcfeeney/Sites/Fain/craft/app/etc/web/WebApp.php(257): CWebApplication->processRequest()
#9 /Users/bcfeeney/Sites/Fain/craft/app/framework/base/CApplication.php(180): Craft\WebApp->processRequest()
#10 /Users/bcfeeney/Sites/Fain/craft/app/index.php(196): CApplication->run()
#11 /Users/bcfeeney/Sites/Fain/index.php(14): require_once('/Users/bcfeeney...')
#12 {main}
REQUEST_URI=/public/css/pubic/fonts/clay-fain.ttf
HTTP_REFERER=http://clayfain.dev/dashboard
---

******************************************************************************************************
2014/08/11 21:06:10 [warning] [application] 404 - 
2014/08/11 21:06:10 [error] [exception.Craft\HttpException.404] exception 'Craft\HttpException' in /Users/bcfeeney/Sites/Fain/craft/app/controllers/TemplatesController.php:36
Stack trace:
#0 [internal function]: Craft\TemplatesController->actionRender('public/css/pubi...', Array)
#1 /Users/bcfeeney/Sites/Fain/craft/app/framework/web/actions/CAction.php(108): ReflectionMethod->invokeArgs(Object(Craft\TemplatesController), Array)
#2 /Users/bcfeeney/Sites/Fain/craft/app/framework/web/actions/CInlineAction.php(47): CAction->runWithParamsInternal(Object(Craft\TemplatesController), Object(ReflectionMethod), Array)
#3 /Users/bcfeeney/Sites/Fain/craft/app/framework/web/CController.php(308): CInlineAction->runWithParams(Array)
#4 /Users/bcfeeney/Sites/Fain/craft/app/framework/web/CController.php(286): CController->runAction(Object(CInlineAction))
#5 /Users/bcfeeney/Sites/Fain/craft/app/framework/web/CController.php(265): CController->runActionWithFilters(Object(CInlineAction), NULL)
#6 /Users/bcfeeney/Sites/Fain/craft/app/framework/web/CWebApplication.php(282): CController->run('render')
#7 /Users/bcfeeney/Sites/Fain/craft/app/framework/web/CWebApplication.php(141): CWebApplication->runController('templates/rende...')
#8 /Users/bcfeeney/Sites/Fain/craft/app/etc/web/WebApp.php(257): CWebApplication->processRequest()
#9 /Users/bcfeeney/Sites/Fain/craft/app/framework/base/CApplication.php(180): Craft\WebApp->processRequest()
#10 /Users/bcfeeney/Sites/Fain/craft/app/index.php(196): CApplication->run()
#11 /Users/bcfeeney/Sites/Fain/index.php(14): require_once('/Users/bcfeeney...')
#12 {main}
REQUEST_URI=/public/css/pubic/fonts/clay-fain.svg
HTTP_REFERER=http://clayfain.dev/dashboard
---

******************************************************************************************************
2014/08/11 21:06:27 [warning] [application] 404 - 
2014/08/11 21:06:27 [error] [exception.Craft\HttpException.404] exception 'Craft\HttpException' in /Users/bcfeeney/Sites/Fain/craft/app/controllers/TemplatesController.php:36
Stack trace:
#0 [internal function]: Craft\TemplatesController->actionRender('public/css/fain...', Array)
#1 /Users/bcfeeney/Sites/Fain/craft/app/framework/web/actions/CAction.php(108): ReflectionMethod->invokeArgs(Object(Craft\TemplatesController), Array)
#2 /Users/bcfeeney/Sites/Fain/craft/app/framework/web/actions/CInlineAction.php(47): CAction->runWithParamsInternal(Object(Craft\TemplatesController), Object(ReflectionMethod), Array)
#3 /Users/bcfeeney/Sites/Fain/craft/app/framework/web/CController.php(308): CInlineAction->runWithParams(Array)
#4 /Users/bcfeeney/Sites/Fain/craft/app/framework/web/CController.php(286): CController->runAction(Object(CInlineAction))
#5 /Users/bcfeeney/Sites/Fain/craft/app/framework/web/CController.php(265): CController->runActionWithFilters(Object(CInlineAction), NULL)
#6 /Users/bcfeeney/Sites/Fain/craft/app/framework/web/CWebApplication.php(282): CController->run('render')
#7 /Users/bcfeeney/Sites/Fain/craft/app/framework/web/CWebApplication.php(141): CWebApplication->runController('templates/rende...')
#8 /Users/bcfeeney/Sites/Fain/craft/app/etc/web/WebApp.php(257): CWebApplication->processRequest()
#9 /Users/bcfeeney/Sites/Fain/craft/app/framework/base/CApplication.php(180): Craft\WebApp->processRequest()
#10 /Users/bcfeeney/Sites/Fain/craft/app/index.php(196): CApplication->run()
#11 /Users/bcfeeney/Sites/Fain/index.php(14): require_once('/Users/bcfeeney...')
#12 {main}
REQUEST_URI=/public/css/fain-font.css
HTTP_REFERER=http://clayfain.dev/dashboard
---

******************************************************************************************************
2014/08/11 21:06:27 [warning] [application] 404 - 
2014/08/11 21:06:27 [error] [exception.Craft\HttpException.404] exception 'Craft\HttpException' in /Users/bcfeeney/Sites/Fain/craft/app/controllers/TemplatesController.php:36
Stack trace:
#0 [internal function]: Craft\TemplatesController->actionRender('pubic/fonts/cla...', Array)
#1 /Users/bcfeeney/Sites/Fain/craft/app/framework/web/actions/CAction.php(108): ReflectionMethod->invokeArgs(Object(Craft\TemplatesController), Array)
#2 /Users/bcfeeney/Sites/Fain/craft/app/framework/web/actions/CInlineAction.php(47): CAction->runWithParamsInternal(Object(Craft\TemplatesController), Object(ReflectionMethod), Array)
#3 /Users/bcfeeney/Sites/Fain/craft/app/framework/web/CController.php(308): CInlineAction->runWithParams(Array)
#4 /Users/bcfeeney/Sites/Fain/craft/app/framework/web/CController.php(286): CController->runAction(Object(CInlineAction))
#5 /Users/bcfeeney/Sites/Fain/craft/app/framework/web/CController.php(265): CController->runActionWithFilters(Object(CInlineAction), NULL)
#6 /Users/bcfeeney/Sites/Fain/craft/app/framework/web/CWebApplication.php(282): CController->run('render')
#7 /Users/bcfeeney/Sites/Fain/craft/app/framework/web/CWebApplication.php(141): CWebApplication->runController('templates/rende...')
#8 /Users/bcfeeney/Sites/Fain/craft/app/etc/web/WebApp.php(257): CWebApplication->processRequest()
#9 /Users/bcfeeney/Sites/Fain/craft/app/framework/base/CApplication.php(180): Craft\WebApp->processRequest()
#10 /Users/bcfeeney/Sites/Fain/craft/app/index.php(196): CApplication->run()
#11 /Users/bcfeeney/Sites/Fain/index.php(14): require_once('/Users/bcfeeney...')
#12 {main}
REQUEST_URI=/pubic/fonts/clay-fain.woff
HTTP_REFERER=http://clayfain.dev/dashboard
---

******************************************************************************************************
2014/08/11 21:06:27 [warning] [application] 404 - 
2014/08/11 21:06:27 [error] [exception.Craft\HttpException.404] exception 'Craft\HttpException' in /Users/bcfeeney/Sites/Fain/craft/app/controllers/TemplatesController.php:36
Stack trace:
#0 [internal function]: Craft\TemplatesController->actionRender('pubic/fonts/cla...', Array)
#1 /Users/bcfeeney/Sites/Fain/craft/app/framework/web/actions/CAction.php(108): ReflectionMethod->invokeArgs(Object(Craft\TemplatesController), Array)
#2 /Users/bcfeeney/Sites/Fain/craft/app/framework/web/actions/CInlineAction.php(47): CAction->runWithParamsInternal(Object(Craft\TemplatesController), Object(ReflectionMethod), Array)
#3 /Users/bcfeeney/Sites/Fain/craft/app/framework/web/CController.php(308): CInlineAction->runWithParams(Array)
#4 /Users/bcfeeney/Sites/Fain/craft/app/framework/web/CController.php(286): CController->runAction(Object(CInlineAction))
#5 /Users/bcfeeney/Sites/Fain/craft/app/framework/web/CController.php(265): CController->runActionWithFilters(Object(CInlineAction), NULL)
#6 /Users/bcfeeney/Sites/Fain/craft/app/framework/web/CWebApplication.php(282): CController->run('render')
#7 /Users/bcfeeney/Sites/Fain/craft/app/framework/web/CWebApplication.php(141): CWebApplication->runController('templates/rende...')
#8 /Users/bcfeeney/Sites/Fain/craft/app/etc/web/WebApp.php(257): CWebApplication->processRequest()
#9 /Users/bcfeeney/Sites/Fain/craft/app/framework/base/CApplication.php(180): Craft\WebApp->processRequest()
#10 /Users/bcfeeney/Sites/Fain/craft/app/index.php(196): CApplication->run()
#11 /Users/bcfeeney/Sites/Fain/index.php(14): require_once('/Users/bcfeeney...')
#12 {main}
REQUEST_URI=/pubic/fonts/clay-fain.ttf
HTTP_REFERER=http://clayfain.dev/dashboard
---

******************************************************************************************************
2014/08/11 21:06:28 [warning] [application] 404 - 
2014/08/11 21:06:28 [error] [exception.Craft\HttpException.404] exception 'Craft\HttpException' in /Users/bcfeeney/Sites/Fain/craft/app/controllers/TemplatesController.php:36
Stack trace:
#0 [internal function]: Craft\TemplatesController->actionRender('pubic/fonts/cla...', Array)
#1 /Users/bcfeeney/Sites/Fain/craft/app/framework/web/actions/CAction.php(108): ReflectionMethod->invokeArgs(Object(Craft\TemplatesController), Array)
#2 /Users/bcfeeney/Sites/Fain/craft/app/framework/web/actions/CInlineAction.php(47): CAction->runWithParamsInternal(Object(Craft\TemplatesController), Object(ReflectionMethod), Array)
#3 /Users/bcfeeney/Sites/Fain/craft/app/framework/web/CController.php(308): CInlineAction->runWithParams(Array)
#4 /Users/bcfeeney/Sites/Fain/craft/app/framework/web/CController.php(286): CController->runAction(Object(CInlineAction))
#5 /Users/bcfeeney/Sites/Fain/craft/app/framework/web/CController.php(265): CController->runActionWithFilters(Object(CInlineAction), NULL)
#6 /Users/bcfeeney/Sites/Fain/craft/app/framework/web/CWebApplication.php(282): CController->run('render')
#7 /Users/bcfeeney/Sites/Fain/craft/app/framework/web/CWebApplication.php(141): CWebApplication->runController('templates/rende...')
#8 /Users/bcfeeney/Sites/Fain/craft/app/etc/web/WebApp.php(257): CWebApplication->processRequest()
#9 /Users/bcfeeney/Sites/Fain/craft/app/framework/base/CApplication.php(180): Craft\WebApp->processRequest()
#10 /Users/bcfeeney/Sites/Fain/craft/app/index.php(196): CApplication->run()
#11 /Users/bcfeeney/Sites/Fain/index.php(14): require_once('/Users/bcfeeney...')
#12 {main}
REQUEST_URI=/pubic/fonts/clay-fain.svg
HTTP_REFERER=http://clayfain.dev/dashboard
---

******************************************************************************************************
2014/08/11 21:06:55 [warning] [application] 404 - 
2014/08/11 21:06:55 [error] [exception.Craft\HttpException.404] exception 'Craft\HttpException' in /Users/bcfeeney/Sites/Fain/craft/app/controllers/TemplatesController.php:36
Stack trace:
#0 [internal function]: Craft\TemplatesController->actionRender('public/css/fain...', Array)
#1 /Users/bcfeeney/Sites/Fain/craft/app/framework/web/actions/CAction.php(108): ReflectionMethod->invokeArgs(Object(Craft\TemplatesController), Array)
#2 /Users/bcfeeney/Sites/Fain/craft/app/framework/web/actions/CInlineAction.php(47): CAction->runWithParamsInternal(Object(Craft\TemplatesController), Object(ReflectionMethod), Array)
#3 /Users/bcfeeney/Sites/Fain/craft/app/framework/web/CController.php(308): CInlineAction->runWithParams(Array)
#4 /Users/bcfeeney/Sites/Fain/craft/app/framework/web/CController.php(286): CController->runAction(Object(CInlineAction))
#5 /Users/bcfeeney/Sites/Fain/craft/app/framework/web/CController.php(265): CController->runActionWithFilters(Object(CInlineAction), NULL)
#6 /Users/bcfeeney/Sites/Fain/craft/app/framework/web/CWebApplication.php(282): CController->run('render')
#7 /Users/bcfeeney/Sites/Fain/craft/app/framework/web/CWebApplication.php(141): CWebApplication->runController('templates/rende...')
#8 /Users/bcfeeney/Sites/Fain/craft/app/etc/web/WebApp.php(257): CWebApplication->processRequest()
#9 /Users/bcfeeney/Sites/Fain/craft/app/framework/base/CApplication.php(180): Craft\WebApp->processRequest()
#10 /Users/bcfeeney/Sites/Fain/craft/app/index.php(196): CApplication->run()
#11 /Users/bcfeeney/Sites/Fain/index.php(14): require_once('/Users/bcfeeney...')
#12 {main}
REQUEST_URI=/public/css/fain-font.css
HTTP_REFERER=http://clayfain.dev/dashboard
---

******************************************************************************************************
2014/08/11 21:06:55 [warning] [application] 404 - 
2014/08/11 21:06:55 [error] [exception.Craft\HttpException.404] exception 'Craft\HttpException' in /Users/bcfeeney/Sites/Fain/craft/app/controllers/TemplatesController.php:36
Stack trace:
#0 [internal function]: Craft\TemplatesController->actionRender('public/css/pubi...', Array)
#1 /Users/bcfeeney/Sites/Fain/craft/app/framework/web/actions/CAction.php(108): ReflectionMethod->invokeArgs(Object(Craft\TemplatesController), Array)
#2 /Users/bcfeeney/Sites/Fain/craft/app/framework/web/actions/CInlineAction.php(47): CAction->runWithParamsInternal(Object(Craft\TemplatesController), Object(ReflectionMethod), Array)
#3 /Users/bcfeeney/Sites/Fain/craft/app/framework/web/CController.php(308): CInlineAction->runWithParams(Array)
#4 /Users/bcfeeney/Sites/Fain/craft/app/framework/web/CController.php(286): CController->runAction(Object(CInlineAction))
#5 /Users/bcfeeney/Sites/Fain/craft/app/framework/web/CController.php(265): CController->runActionWithFilters(Object(CInlineAction), NULL)
#6 /Users/bcfeeney/Sites/Fain/craft/app/framework/web/CWebApplication.php(282): CController->run('render')
#7 /Users/bcfeeney/Sites/Fain/craft/app/framework/web/CWebApplication.php(141): CWebApplication->runController('templates/rende...')
#8 /Users/bcfeeney/Sites/Fain/craft/app/etc/web/WebApp.php(257): CWebApplication->processRequest()
#9 /Users/bcfeeney/Sites/Fain/craft/app/framework/base/CApplication.php(180): Craft\WebApp->processRequest()
#10 /Users/bcfeeney/Sites/Fain/craft/app/index.php(196): CApplication->run()
#11 /Users/bcfeeney/Sites/Fain/index.php(14): require_once('/Users/bcfeeney...')
#12 {main}
REQUEST_URI=/public/css/pubic/fonts/clay-fain.woff
HTTP_REFERER=http://clayfain.dev/dashboard
---

******************************************************************************************************
2014/08/11 21:06:56 [warning] [application] 404 - 
2014/08/11 21:06:56 [error] [exception.Craft\HttpException.404] exception 'Craft\HttpException' in /Users/bcfeeney/Sites/Fain/craft/app/controllers/TemplatesController.php:36
Stack trace:
#0 [internal function]: Craft\TemplatesController->actionRender('public/css/pubi...', Array)
#1 /Users/bcfeeney/Sites/Fain/craft/app/framework/web/actions/CAction.php(108): ReflectionMethod->invokeArgs(Object(Craft\TemplatesController), Array)
#2 /Users/bcfeeney/Sites/Fain/craft/app/framework/web/actions/CInlineAction.php(47): CAction->runWithParamsInternal(Object(Craft\TemplatesController), Object(ReflectionMethod), Array)
#3 /Users/bcfeeney/Sites/Fain/craft/app/framework/web/CController.php(308): CInlineAction->runWithParams(Array)
#4 /Users/bcfeeney/Sites/Fain/craft/app/framework/web/CController.php(286): CController->runAction(Object(CInlineAction))
#5 /Users/bcfeeney/Sites/Fain/craft/app/framework/web/CController.php(265): CController->runActionWithFilters(Object(CInlineAction), NULL)
#6 /Users/bcfeeney/Sites/Fain/craft/app/framework/web/CWebApplication.php(282): CController->run('render')
#7 /Users/bcfeeney/Sites/Fain/craft/app/framework/web/CWebApplication.php(141): CWebApplication->runController('templates/rende...')
#8 /Users/bcfeeney/Sites/Fain/craft/app/etc/web/WebApp.php(257): CWebApplication->processRequest()
#9 /Users/bcfeeney/Sites/Fain/craft/app/framework/base/CApplication.php(180): Craft\WebApp->processRequest()
#10 /Users/bcfeeney/Sites/Fain/craft/app/index.php(196): CApplication->run()
#11 /Users/bcfeeney/Sites/Fain/index.php(14): require_once('/Users/bcfeeney...')
#12 {main}
REQUEST_URI=/public/css/pubic/fonts/clay-fain.ttf
HTTP_REFERER=http://clayfain.dev/dashboard
---

******************************************************************************************************
2014/08/11 21:06:56 [warning] [application] 404 - 
2014/08/11 21:06:56 [error] [exception.Craft\HttpException.404] exception 'Craft\HttpException' in /Users/bcfeeney/Sites/Fain/craft/app/controllers/TemplatesController.php:36
Stack trace:
#0 [internal function]: Craft\TemplatesController->actionRender('public/css/pubi...', Array)
#1 /Users/bcfeeney/Sites/Fain/craft/app/framework/web/actions/CAction.php(108): ReflectionMethod->invokeArgs(Object(Craft\TemplatesController), Array)
#2 /Users/bcfeeney/Sites/Fain/craft/app/framework/web/actions/CInlineAction.php(47): CAction->runWithParamsInternal(Object(Craft\TemplatesController), Object(ReflectionMethod), Array)
#3 /Users/bcfeeney/Sites/Fain/craft/app/framework/web/CController.php(308): CInlineAction->runWithParams(Array)
#4 /Users/bcfeeney/Sites/Fain/craft/app/framework/web/CController.php(286): CController->runAction(Object(CInlineAction))
#5 /Users/bcfeeney/Sites/Fain/craft/app/framework/web/CController.php(265): CController->runActionWithFilters(Object(CInlineAction), NULL)
#6 /Users/bcfeeney/Sites/Fain/craft/app/framework/web/CWebApplication.php(282): CController->run('render')
#7 /Users/bcfeeney/Sites/Fain/craft/app/framework/web/CWebApplication.php(141): CWebApplication->runController('templates/rende...')
#8 /Users/bcfeeney/Sites/Fain/craft/app/etc/web/WebApp.php(257): CWebApplication->processRequest()
#9 /Users/bcfeeney/Sites/Fain/craft/app/framework/base/CApplication.php(180): Craft\WebApp->processRequest()
#10 /Users/bcfeeney/Sites/Fain/craft/app/index.php(196): CApplication->run()
#11 /Users/bcfeeney/Sites/Fain/index.php(14): require_once('/Users/bcfeeney...')
#12 {main}
REQUEST_URI=/public/css/pubic/fonts/clay-fain.svg
HTTP_REFERER=http://clayfain.dev/dashboard
---

******************************************************************************************************
2014/08/11 21:07:10 [warning] [application] 404 - 
2014/08/11 21:07:10 [error] [exception.Craft\HttpException.404] exception 'Craft\HttpException' in /Users/bcfeeney/Sites/Fain/craft/app/controllers/TemplatesController.php:36
Stack trace:
#0 [internal function]: Craft\TemplatesController->actionRender('public/css/fain...', Array)
#1 /Users/bcfeeney/Sites/Fain/craft/app/framework/web/actions/CAction.php(108): ReflectionMethod->invokeArgs(Object(Craft\TemplatesController), Array)
#2 /Users/bcfeeney/Sites/Fain/craft/app/framework/web/actions/CInlineAction.php(47): CAction->runWithParamsInternal(Object(Craft\TemplatesController), Object(ReflectionMethod), Array)
#3 /Users/bcfeeney/Sites/Fain/craft/app/framework/web/CController.php(308): CInlineAction->runWithParams(Array)
#4 /Users/bcfeeney/Sites/Fain/craft/app/framework/web/CController.php(286): CController->runAction(Object(CInlineAction))
#5 /Users/bcfeeney/Sites/Fain/craft/app/framework/web/CController.php(265): CController->runActionWithFilters(Object(CInlineAction), NULL)
#6 /Users/bcfeeney/Sites/Fain/craft/app/framework/web/CWebApplication.php(282): CController->run('render')
#7 /Users/bcfeeney/Sites/Fain/craft/app/framework/web/CWebApplication.php(141): CWebApplication->runController('templates/rende...')
#8 /Users/bcfeeney/Sites/Fain/craft/app/etc/web/WebApp.php(257): CWebApplication->processRequest()
#9 /Users/bcfeeney/Sites/Fain/craft/app/framework/base/CApplication.php(180): Craft\WebApp->processRequest()
#10 /Users/bcfeeney/Sites/Fain/craft/app/index.php(196): CApplication->run()
#11 /Users/bcfeeney/Sites/Fain/index.php(14): require_once('/Users/bcfeeney...')
#12 {main}
REQUEST_URI=/public/css/fain-font.css
HTTP_REFERER=http://clayfain.dev/dashboard
---

******************************************************************************************************
2014/08/11 21:07:11 [warning] [application] 404 - 
2014/08/11 21:07:11 [error] [exception.Craft\HttpException.404] exception 'Craft\HttpException' in /Users/bcfeeney/Sites/Fain/craft/app/controllers/TemplatesController.php:36
Stack trace:
#0 [internal function]: Craft\TemplatesController->actionRender('public/pubic/fo...', Array)
#1 /Users/bcfeeney/Sites/Fain/craft/app/framework/web/actions/CAction.php(108): ReflectionMethod->invokeArgs(Object(Craft\TemplatesController), Array)
#2 /Users/bcfeeney/Sites/Fain/craft/app/framework/web/actions/CInlineAction.php(47): CAction->runWithParamsInternal(Object(Craft\TemplatesController), Object(ReflectionMethod), Array)
#3 /Users/bcfeeney/Sites/Fain/craft/app/framework/web/CController.php(308): CInlineAction->runWithParams(Array)
#4 /Users/bcfeeney/Sites/Fain/craft/app/framework/web/CController.php(286): CController->runAction(Object(CInlineAction))
#5 /Users/bcfeeney/Sites/Fain/craft/app/framework/web/CController.php(265): CController->runActionWithFilters(Object(CInlineAction), NULL)
#6 /Users/bcfeeney/Sites/Fain/craft/app/framework/web/CWebApplication.php(282): CController->run('render')
#7 /Users/bcfeeney/Sites/Fain/craft/app/framework/web/CWebApplication.php(141): CWebApplication->runController('templates/rende...')
#8 /Users/bcfeeney/Sites/Fain/craft/app/etc/web/WebApp.php(257): CWebApplication->processRequest()
#9 /Users/bcfeeney/Sites/Fain/craft/app/framework/base/CApplication.php(180): Craft\WebApp->processRequest()
#10 /Users/bcfeeney/Sites/Fain/craft/app/index.php(196): CApplication->run()
#11 /Users/bcfeeney/Sites/Fain/index.php(14): require_once('/Users/bcfeeney...')
#12 {main}
REQUEST_URI=/public/pubic/fonts/clay-fain.woff
HTTP_REFERER=http://clayfain.dev/dashboard
---

******************************************************************************************************
2014/08/11 21:07:11 [warning] [application] 404 - 
2014/08/11 21:07:11 [error] [exception.Craft\HttpException.404] exception 'Craft\HttpException' in /Users/bcfeeney/Sites/Fain/craft/app/controllers/TemplatesController.php:36
Stack trace:
#0 [internal function]: Craft\TemplatesController->actionRender('public/pubic/fo...', Array)
#1 /Users/bcfeeney/Sites/Fain/craft/app/framework/web/actions/CAction.php(108): ReflectionMethod->invokeArgs(Object(Craft\TemplatesController), Array)
#2 /Users/bcfeeney/Sites/Fain/craft/app/framework/web/actions/CInlineAction.php(47): CAction->runWithParamsInternal(Object(Craft\TemplatesController), Object(ReflectionMethod), Array)
#3 /Users/bcfeeney/Sites/Fain/craft/app/framework/web/CController.php(308): CInlineAction->runWithParams(Array)
#4 /Users/bcfeeney/Sites/Fain/craft/app/framework/web/CController.php(286): CController->runAction(Object(CInlineAction))
#5 /Users/bcfeeney/Sites/Fain/craft/app/framework/web/CController.php(265): CController->runActionWithFilters(Object(CInlineAction), NULL)
#6 /Users/bcfeeney/Sites/Fain/craft/app/framework/web/CWebApplication.php(282): CController->run('render')
#7 /Users/bcfeeney/Sites/Fain/craft/app/framework/web/CWebApplication.php(141): CWebApplication->runController('templates/rende...')
#8 /Users/bcfeeney/Sites/Fain/craft/app/etc/web/WebApp.php(257): CWebApplication->processRequest()
#9 /Users/bcfeeney/Sites/Fain/craft/app/framework/base/CApplication.php(180): Craft\WebApp->processRequest()
#10 /Users/bcfeeney/Sites/Fain/craft/app/index.php(196): CApplication->run()
#11 /Users/bcfeeney/Sites/Fain/index.php(14): require_once('/Users/bcfeeney...')
#12 {main}
REQUEST_URI=/public/pubic/fonts/clay-fain.ttf
HTTP_REFERER=http://clayfain.dev/dashboard
---

******************************************************************************************************
2014/08/11 21:07:11 [warning] [application] 404 - 
2014/08/11 21:07:11 [error] [exception.Craft\HttpException.404] exception 'Craft\HttpException' in /Users/bcfeeney/Sites/Fain/craft/app/controllers/TemplatesController.php:36
Stack trace:
#0 [internal function]: Craft\TemplatesController->actionRender('public/pubic/fo...', Array)
#1 /Users/bcfeeney/Sites/Fain/craft/app/framework/web/actions/CAction.php(108): ReflectionMethod->invokeArgs(Object(Craft\TemplatesController), Array)
#2 /Users/bcfeeney/Sites/Fain/craft/app/framework/web/actions/CInlineAction.php(47): CAction->runWithParamsInternal(Object(Craft\TemplatesController), Object(ReflectionMethod), Array)
#3 /Users/bcfeeney/Sites/Fain/craft/app/framework/web/CController.php(308): CInlineAction->runWithParams(Array)
#4 /Users/bcfeeney/Sites/Fain/craft/app/framework/web/CController.php(286): CController->runAction(Object(CInlineAction))
#5 /Users/bcfeeney/Sites/Fain/craft/app/framework/web/CController.php(265): CController->runActionWithFilters(Object(CInlineAction), NULL)
#6 /Users/bcfeeney/Sites/Fain/craft/app/framework/web/CWebApplication.php(282): CController->run('render')
#7 /Users/bcfeeney/Sites/Fain/craft/app/framework/web/CWebApplication.php(141): CWebApplication->runController('templates/rende...')
#8 /Users/bcfeeney/Sites/Fain/craft/app/etc/web/WebApp.php(257): CWebApplication->processRequest()
#9 /Users/bcfeeney/Sites/Fain/craft/app/framework/base/CApplication.php(180): Craft\WebApp->processRequest()
#10 /Users/bcfeeney/Sites/Fain/craft/app/index.php(196): CApplication->run()
#11 /Users/bcfeeney/Sites/Fain/index.php(14): require_once('/Users/bcfeeney...')
#12 {main}
REQUEST_URI=/public/pubic/fonts/clay-fain.svg
HTTP_REFERER=http://clayfain.dev/dashboard
---

******************************************************************************************************
2014/08/11 21:08:02 [warning] [application] 404 - 
2014/08/11 21:08:02 [error] [exception.Craft\HttpException.404] exception 'Craft\HttpException' in /Users/bcfeeney/Sites/Fain/craft/app/controllers/TemplatesController.php:36
Stack trace:
#0 [internal function]: Craft\TemplatesController->actionRender('public/css/fain...', Array)
#1 /Users/bcfeeney/Sites/Fain/craft/app/framework/web/actions/CAction.php(108): ReflectionMethod->invokeArgs(Object(Craft\TemplatesController), Array)
#2 /Users/bcfeeney/Sites/Fain/craft/app/framework/web/actions/CInlineAction.php(47): CAction->runWithParamsInternal(Object(Craft\TemplatesController), Object(ReflectionMethod), Array)
#3 /Users/bcfeeney/Sites/Fain/craft/app/framework/web/CController.php(308): CInlineAction->runWithParams(Array)
#4 /Users/bcfeeney/Sites/Fain/craft/app/framework/web/CController.php(286): CController->runAction(Object(CInlineAction))
#5 /Users/bcfeeney/Sites/Fain/craft/app/framework/web/CController.php(265): CController->runActionWithFilters(Object(CInlineAction), NULL)
#6 /Users/bcfeeney/Sites/Fain/craft/app/framework/web/CWebApplication.php(282): CController->run('render')
#7 /Users/bcfeeney/Sites/Fain/craft/app/framework/web/CWebApplication.php(141): CWebApplication->runController('templates/rende...')
#8 /Users/bcfeeney/Sites/Fain/craft/app/etc/web/WebApp.php(257): CWebApplication->processRequest()
#9 /Users/bcfeeney/Sites/Fain/craft/app/framework/base/CApplication.php(180): Craft\WebApp->processRequest()
#10 /Users/bcfeeney/Sites/Fain/craft/app/index.php(196): CApplication->run()
#11 /Users/bcfeeney/Sites/Fain/index.php(14): require_once('/Users/bcfeeney...')
#12 {main}
REQUEST_URI=/public/css/fain-font.css
HTTP_REFERER=http://clayfain.dev/dashboard
---

******************************************************************************************************
2014/08/11 21:09:23 [warning] [application] 404 - 
2014/08/11 21:09:23 [error] [exception.Craft\HttpException.404] exception 'Craft\HttpException' in /Users/bcfeeney/Sites/Fain/craft/app/controllers/TemplatesController.php:36
Stack trace:
#0 [internal function]: Craft\TemplatesController->actionRender('public/css/fain...', Array)
#1 /Users/bcfeeney/Sites/Fain/craft/app/framework/web/actions/CAction.php(108): ReflectionMethod->invokeArgs(Object(Craft\TemplatesController), Array)
#2 /Users/bcfeeney/Sites/Fain/craft/app/framework/web/actions/CInlineAction.php(47): CAction->runWithParamsInternal(Object(Craft\TemplatesController), Object(ReflectionMethod), Array)
#3 /Users/bcfeeney/Sites/Fain/craft/app/framework/web/CController.php(308): CInlineAction->runWithParams(Array)
#4 /Users/bcfeeney/Sites/Fain/craft/app/framework/web/CController.php(286): CController->runAction(Object(CInlineAction))
#5 /Users/bcfeeney/Sites/Fain/craft/app/framework/web/CController.php(265): CController->runActionWithFilters(Object(CInlineAction), NULL)
#6 /Users/bcfeeney/Sites/Fain/craft/app/framework/web/CWebApplication.php(282): CController->run('render')
#7 /Users/bcfeeney/Sites/Fain/craft/app/framework/web/CWebApplication.php(141): CWebApplication->runController('templates/rende...')
#8 /Users/bcfeeney/Sites/Fain/craft/app/etc/web/WebApp.php(257): CWebApplication->processRequest()
#9 /Users/bcfeeney/Sites/Fain/craft/app/framework/base/CApplication.php(180): Craft\WebApp->processRequest()
#10 /Users/bcfeeney/Sites/Fain/craft/app/index.php(196): CApplication->run()
#11 /Users/bcfeeney/Sites/Fain/index.php(14): require_once('/Users/bcfeeney...')
#12 {main}
REQUEST_URI=/public/css/fain-font.css
HTTP_REFERER=http://clayfain.dev/dashboard
---

******************************************************************************************************
2014/08/11 21:09:53 [warning] [application] 404 - 
2014/08/11 21:09:53 [error] [exception.Craft\HttpException.404] exception 'Craft\HttpException' in /Users/bcfeeney/Sites/Fain/craft/app/controllers/TemplatesController.php:36
Stack trace:
#0 [internal function]: Craft\TemplatesController->actionRender('public/css/fain...', Array)
#1 /Users/bcfeeney/Sites/Fain/craft/app/framework/web/actions/CAction.php(108): ReflectionMethod->invokeArgs(Object(Craft\TemplatesController), Array)
#2 /Users/bcfeeney/Sites/Fain/craft/app/framework/web/actions/CInlineAction.php(47): CAction->runWithParamsInternal(Object(Craft\TemplatesController), Object(ReflectionMethod), Array)
#3 /Users/bcfeeney/Sites/Fain/craft/app/framework/web/CController.php(308): CInlineAction->runWithParams(Array)
#4 /Users/bcfeeney/Sites/Fain/craft/app/framework/web/CController.php(286): CController->runAction(Object(CInlineAction))
#5 /Users/bcfeeney/Sites/Fain/craft/app/framework/web/CController.php(265): CController->runActionWithFilters(Object(CInlineAction), NULL)
#6 /Users/bcfeeney/Sites/Fain/craft/app/framework/web/CWebApplication.php(282): CController->run('render')
#7 /Users/bcfeeney/Sites/Fain/craft/app/framework/web/CWebApplication.php(141): CWebApplication->runController('templates/rende...')
#8 /Users/bcfeeney/Sites/Fain/craft/app/etc/web/WebApp.php(257): CWebApplication->processRequest()
#9 /Users/bcfeeney/Sites/Fain/craft/app/framework/base/CApplication.php(180): Craft\WebApp->processRequest()
#10 /Users/bcfeeney/Sites/Fain/craft/app/index.php(196): CApplication->run()
#11 /Users/bcfeeney/Sites/Fain/index.php(14): require_once('/Users/bcfeeney...')
#12 {main}
REQUEST_URI=/public/css/fain-font.css
HTTP_REFERER=http://clayfain.dev/dashboard
---

******************************************************************************************************
2014/08/11 21:10:21 [warning] [application] 404 - 
2014/08/11 21:10:21 [error] [exception.Craft\HttpException.404] exception 'Craft\HttpException' in /Users/bcfeeney/Sites/Fain/craft/app/controllers/TemplatesController.php:36
Stack trace:
#0 [internal function]: Craft\TemplatesController->actionRender('public/css/fain...', Array)
#1 /Users/bcfeeney/Sites/Fain/craft/app/framework/web/actions/CAction.php(108): ReflectionMethod->invokeArgs(Object(Craft\TemplatesController), Array)
#2 /Users/bcfeeney/Sites/Fain/craft/app/framework/web/actions/CInlineAction.php(47): CAction->runWithParamsInternal(Object(Craft\TemplatesController), Object(ReflectionMethod), Array)
#3 /Users/bcfeeney/Sites/Fain/craft/app/framework/web/CController.php(308): CInlineAction->runWithParams(Array)
#4 /Users/bcfeeney/Sites/Fain/craft/app/framework/web/CController.php(286): CController->runAction(Object(CInlineAction))
#5 /Users/bcfeeney/Sites/Fain/craft/app/framework/web/CController.php(265): CController->runActionWithFilters(Object(CInlineAction), NULL)
#6 /Users/bcfeeney/Sites/Fain/craft/app/framework/web/CWebApplication.php(282): CController->run('render')
#7 /Users/bcfeeney/Sites/Fain/craft/app/framework/web/CWebApplication.php(141): CWebApplication->runController('templates/rende...')
#8 /Users/bcfeeney/Sites/Fain/craft/app/etc/web/WebApp.php(257): CWebApplication->processRequest()
#9 /Users/bcfeeney/Sites/Fain/craft/app/framework/base/CApplication.php(180): Craft\WebApp->processRequest()
#10 /Users/bcfeeney/Sites/Fain/craft/app/index.php(196): CApplication->run()
#11 /Users/bcfeeney/Sites/Fain/index.php(14): require_once('/Users/bcfeeney...')
#12 {main}
REQUEST_URI=/public/css/fain-font.css
HTTP_REFERER=http://clayfain.dev/dashboard
---

******************************************************************************************************
2014/08/11 21:10:44 [warning] [application] 404 - 
2014/08/11 21:10:44 [error] [exception.Craft\HttpException.404] exception 'Craft\HttpException' in /Users/bcfeeney/Sites/Fain/craft/app/controllers/TemplatesController.php:36
Stack trace:
#0 [internal function]: Craft\TemplatesController->actionRender('public/css/fain...', Array)
#1 /Users/bcfeeney/Sites/Fain/craft/app/framework/web/actions/CAction.php(108): ReflectionMethod->invokeArgs(Object(Craft\TemplatesController), Array)
#2 /Users/bcfeeney/Sites/Fain/craft/app/framework/web/actions/CInlineAction.php(47): CAction->runWithParamsInternal(Object(Craft\TemplatesController), Object(ReflectionMethod), Array)
#3 /Users/bcfeeney/Sites/Fain/craft/app/framework/web/CController.php(308): CInlineAction->runWithParams(Array)
#4 /Users/bcfeeney/Sites/Fain/craft/app/framework/web/CController.php(286): CController->runAction(Object(CInlineAction))
#5 /Users/bcfeeney/Sites/Fain/craft/app/framework/web/CController.php(265): CController->runActionWithFilters(Object(CInlineAction), NULL)
#6 /Users/bcfeeney/Sites/Fain/craft/app/framework/web/CWebApplication.php(282): CController->run('render')
#7 /Users/bcfeeney/Sites/Fain/craft/app/framework/web/CWebApplication.php(141): CWebApplication->runController('templates/rende...')
#8 /Users/bcfeeney/Sites/Fain/craft/app/etc/web/WebApp.php(257): CWebApplication->processRequest()
#9 /Users/bcfeeney/Sites/Fain/craft/app/framework/base/CApplication.php(180): Craft\WebApp->processRequest()
#10 /Users/bcfeeney/Sites/Fain/craft/app/index.php(196): CApplication->run()
#11 /Users/bcfeeney/Sites/Fain/index.php(14): require_once('/Users/bcfeeney...')
#12 {main}
REQUEST_URI=/public/css/fain-font.css
HTTP_REFERER=http://clayfain.dev/dashboard
---

******************************************************************************************************
2014/08/11 21:12:00 [warning] [application] 404 - 
2014/08/11 21:12:00 [error] [exception.Craft\HttpException.404] exception 'Craft\HttpException' in /Users/bcfeeney/Sites/Fain/craft/app/controllers/TemplatesController.php:36
Stack trace:
#0 [internal function]: Craft\TemplatesController->actionRender('public/css/fain...', Array)
#1 /Users/bcfeeney/Sites/Fain/craft/app/framework/web/actions/CAction.php(108): ReflectionMethod->invokeArgs(Object(Craft\TemplatesController), Array)
#2 /Users/bcfeeney/Sites/Fain/craft/app/framework/web/actions/CInlineAction.php(47): CAction->runWithParamsInternal(Object(Craft\TemplatesController), Object(ReflectionMethod), Array)
#3 /Users/bcfeeney/Sites/Fain/craft/app/framework/web/CController.php(308): CInlineAction->runWithParams(Array)
#4 /Users/bcfeeney/Sites/Fain/craft/app/framework/web/CController.php(286): CController->runAction(Object(CInlineAction))
#5 /Users/bcfeeney/Sites/Fain/craft/app/framework/web/CController.php(265): CController->runActionWithFilters(Object(CInlineAction), NULL)
#6 /Users/bcfeeney/Sites/Fain/craft/app/framework/web/CWebApplication.php(282): CController->run('render')
#7 /Users/bcfeeney/Sites/Fain/craft/app/framework/web/CWebApplication.php(141): CWebApplication->runController('templates/rende...')
#8 /Users/bcfeeney/Sites/Fain/craft/app/etc/web/WebApp.php(257): CWebApplication->processRequest()
#9 /Users/bcfeeney/Sites/Fain/craft/app/framework/base/CApplication.php(180): Craft\WebApp->processRequest()
#10 /Users/bcfeeney/Sites/Fain/craft/app/index.php(196): CApplication->run()
#11 /Users/bcfeeney/Sites/Fain/index.php(14): require_once('/Users/bcfeeney...')
#12 {main}
REQUEST_URI=/public/css/fain-font.css
HTTP_REFERER=http://clayfain.dev/dashboard
---

******************************************************************************************************
2014/08/11 21:12:22 [warning] [application] 404 - 
2014/08/11 21:12:22 [error] [exception.Craft\HttpException.404] exception 'Craft\HttpException' in /Users/bcfeeney/Sites/Fain/craft/app/controllers/TemplatesController.php:36
Stack trace:
#0 [internal function]: Craft\TemplatesController->actionRender('public/css/fain...', Array)
#1 /Users/bcfeeney/Sites/Fain/craft/app/framework/web/actions/CAction.php(108): ReflectionMethod->invokeArgs(Object(Craft\TemplatesController), Array)
#2 /Users/bcfeeney/Sites/Fain/craft/app/framework/web/actions/CInlineAction.php(47): CAction->runWithParamsInternal(Object(Craft\TemplatesController), Object(ReflectionMethod), Array)
#3 /Users/bcfeeney/Sites/Fain/craft/app/framework/web/CController.php(308): CInlineAction->runWithParams(Array)
#4 /Users/bcfeeney/Sites/Fain/craft/app/framework/web/CController.php(286): CController->runAction(Object(CInlineAction))
#5 /Users/bcfeeney/Sites/Fain/craft/app/framework/web/CController.php(265): CController->runActionWithFilters(Object(CInlineAction), NULL)
#6 /Users/bcfeeney/Sites/Fain/craft/app/framework/web/CWebApplication.php(282): CController->run('render')
#7 /Users/bcfeeney/Sites/Fain/craft/app/framework/web/CWebApplication.php(141): CWebApplication->runController('templates/rende...')
#8 /Users/bcfeeney/Sites/Fain/craft/app/etc/web/WebApp.php(257): CWebApplication->processRequest()
#9 /Users/bcfeeney/Sites/Fain/craft/app/framework/base/CApplication.php(180): Craft\WebApp->processRequest()
#10 /Users/bcfeeney/Sites/Fain/craft/app/index.php(196): CApplication->run()
#11 /Users/bcfeeney/Sites/Fain/index.php(14): require_once('/Users/bcfeeney...')
#12 {main}
REQUEST_URI=/public/css/fain-font.css
HTTP_REFERER=http://clayfain.dev/dashboard
---

******************************************************************************************************
2014/08/11 21:12:31 [warning] [application] 404 - 
2014/08/11 21:12:31 [error] [exception.Craft\HttpException.404] exception 'Craft\HttpException' in /Users/bcfeeney/Sites/Fain/craft/app/controllers/TemplatesController.php:36
Stack trace:
#0 [internal function]: Craft\TemplatesController->actionRender('public/css/fain...', Array)
#1 /Users/bcfeeney/Sites/Fain/craft/app/framework/web/actions/CAction.php(108): ReflectionMethod->invokeArgs(Object(Craft\TemplatesController), Array)
#2 /Users/bcfeeney/Sites/Fain/craft/app/framework/web/actions/CInlineAction.php(47): CAction->runWithParamsInternal(Object(Craft\TemplatesController), Object(ReflectionMethod), Array)
#3 /Users/bcfeeney/Sites/Fain/craft/app/framework/web/CController.php(308): CInlineAction->runWithParams(Array)
#4 /Users/bcfeeney/Sites/Fain/craft/app/framework/web/CController.php(286): CController->runAction(Object(CInlineAction))
#5 /Users/bcfeeney/Sites/Fain/craft/app/framework/web/CController.php(265): CController->runActionWithFilters(Object(CInlineAction), NULL)
#6 /Users/bcfeeney/Sites/Fain/craft/app/framework/web/CWebApplication.php(282): CController->run('render')
#7 /Users/bcfeeney/Sites/Fain/craft/app/framework/web/CWebApplication.php(141): CWebApplication->runController('templates/rende...')
#8 /Users/bcfeeney/Sites/Fain/craft/app/etc/web/WebApp.php(257): CWebApplication->processRequest()
#9 /Users/bcfeeney/Sites/Fain/craft/app/framework/base/CApplication.php(180): Craft\WebApp->processRequest()
#10 /Users/bcfeeney/Sites/Fain/craft/app/index.php(196): CApplication->run()
#11 /Users/bcfeeney/Sites/Fain/index.php(14): require_once('/Users/bcfeeney...')
#12 {main}
REQUEST_URI=/public/css/fain-font.css
HTTP_REFERER=http://clayfain.dev/dashboard
---

******************************************************************************************************
2014/08/11 21:12:49 [warning] [application] 404 - 
2014/08/11 21:12:49 [error] [exception.Craft\HttpException.404] exception 'Craft\HttpException' in /Users/bcfeeney/Sites/Fain/craft/app/controllers/TemplatesController.php:36
Stack trace:
#0 [internal function]: Craft\TemplatesController->actionRender('public/css/fain...', Array)
#1 /Users/bcfeeney/Sites/Fain/craft/app/framework/web/actions/CAction.php(108): ReflectionMethod->invokeArgs(Object(Craft\TemplatesController), Array)
#2 /Users/bcfeeney/Sites/Fain/craft/app/framework/web/actions/CInlineAction.php(47): CAction->runWithParamsInternal(Object(Craft\TemplatesController), Object(ReflectionMethod), Array)
#3 /Users/bcfeeney/Sites/Fain/craft/app/framework/web/CController.php(308): CInlineAction->runWithParams(Array)
#4 /Users/bcfeeney/Sites/Fain/craft/app/framework/web/CController.php(286): CController->runAction(Object(CInlineAction))
#5 /Users/bcfeeney/Sites/Fain/craft/app/framework/web/CController.php(265): CController->runActionWithFilters(Object(CInlineAction), NULL)
#6 /Users/bcfeeney/Sites/Fain/craft/app/framework/web/CWebApplication.php(282): CController->run('render')
#7 /Users/bcfeeney/Sites/Fain/craft/app/framework/web/CWebApplication.php(141): CWebApplication->runController('templates/rende...')
#8 /Users/bcfeeney/Sites/Fain/craft/app/etc/web/WebApp.php(257): CWebApplication->processRequest()
#9 /Users/bcfeeney/Sites/Fain/craft/app/framework/base/CApplication.php(180): Craft\WebApp->processRequest()
#10 /Users/bcfeeney/Sites/Fain/craft/app/index.php(196): CApplication->run()
#11 /Users/bcfeeney/Sites/Fain/index.php(14): require_once('/Users/bcfeeney...')
#12 {main}
REQUEST_URI=/public/css/fain-font.css
HTTP_REFERER=http://clayfain.dev/dashboard
---

******************************************************************************************************
2014/08/11 21:13:33 [warning] [application] 404 - 
2014/08/11 21:13:33 [error] [exception.Craft\HttpException.404] exception 'Craft\HttpException' in /Users/bcfeeney/Sites/Fain/craft/app/controllers/TemplatesController.php:36
Stack trace:
#0 [internal function]: Craft\TemplatesController->actionRender('public/css/fain...', Array)
#1 /Users/bcfeeney/Sites/Fain/craft/app/framework/web/actions/CAction.php(108): ReflectionMethod->invokeArgs(Object(Craft\TemplatesController), Array)
#2 /Users/bcfeeney/Sites/Fain/craft/app/framework/web/actions/CInlineAction.php(47): CAction->runWithParamsInternal(Object(Craft\TemplatesController), Object(ReflectionMethod), Array)
#3 /Users/bcfeeney/Sites/Fain/craft/app/framework/web/CController.php(308): CInlineAction->runWithParams(Array)
#4 /Users/bcfeeney/Sites/Fain/craft/app/framework/web/CController.php(286): CController->runAction(Object(CInlineAction))
#5 /Users/bcfeeney/Sites/Fain/craft/app/framework/web/CController.php(265): CController->runActionWithFilters(Object(CInlineAction), NULL)
#6 /Users/bcfeeney/Sites/Fain/craft/app/framework/web/CWebApplication.php(282): CController->run('render')
#7 /Users/bcfeeney/Sites/Fain/craft/app/framework/web/CWebApplication.php(141): CWebApplication->runController('templates/rende...')
#8 /Users/bcfeeney/Sites/Fain/craft/app/etc/web/WebApp.php(257): CWebApplication->processRequest()
#9 /Users/bcfeeney/Sites/Fain/craft/app/framework/base/CApplication.php(180): Craft\WebApp->processRequest()
#10 /Users/bcfeeney/Sites/Fain/craft/app/index.php(196): CApplication->run()
#11 /Users/bcfeeney/Sites/Fain/index.php(14): require_once('/Users/bcfeeney...')
#12 {main}
REQUEST_URI=/public/css/fain-font.css
HTTP_REFERER=http://clayfain.dev/dashboard
---

******************************************************************************************************
2014/08/11 21:13:58 [warning] [application] 404 - 
2014/08/11 21:13:58 [error] [exception.Craft\HttpException.404] exception 'Craft\HttpException' in /Users/bcfeeney/Sites/Fain/craft/app/controllers/TemplatesController.php:36
Stack trace:
#0 [internal function]: Craft\TemplatesController->actionRender('public/css/fain...', Array)
#1 /Users/bcfeeney/Sites/Fain/craft/app/framework/web/actions/CAction.php(108): ReflectionMethod->invokeArgs(Object(Craft\TemplatesController), Array)
#2 /Users/bcfeeney/Sites/Fain/craft/app/framework/web/actions/CInlineAction.php(47): CAction->runWithParamsInternal(Object(Craft\TemplatesController), Object(ReflectionMethod), Array)
#3 /Users/bcfeeney/Sites/Fain/craft/app/framework/web/CController.php(308): CInlineAction->runWithParams(Array)
#4 /Users/bcfeeney/Sites/Fain/craft/app/framework/web/CController.php(286): CController->runAction(Object(CInlineAction))
#5 /Users/bcfeeney/Sites/Fain/craft/app/framework/web/CController.php(265): CController->runActionWithFilters(Object(CInlineAction), NULL)
#6 /Users/bcfeeney/Sites/Fain/craft/app/framework/web/CWebApplication.php(282): CController->run('render')
#7 /Users/bcfeeney/Sites/Fain/craft/app/framework/web/CWebApplication.php(141): CWebApplication->runController('templates/rende...')
#8 /Users/bcfeeney/Sites/Fain/craft/app/etc/web/WebApp.php(257): CWebApplication->processRequest()
#9 /Users/bcfeeney/Sites/Fain/craft/app/framework/base/CApplication.php(180): Craft\WebApp->processRequest()
#10 /Users/bcfeeney/Sites/Fain/craft/app/index.php(196): CApplication->run()
#11 /Users/bcfeeney/Sites/Fain/index.php(14): require_once('/Users/bcfeeney...')
#12 {main}
REQUEST_URI=/public/css/fain-font.css
HTTP_REFERER=http://clayfain.dev/dashboard
---

******************************************************************************************************
2014/08/11 21:14:36 [warning] [application] 404 - 
2014/08/11 21:14:36 [error] [exception.Craft\HttpException.404] exception 'Craft\HttpException' in /Users/bcfeeney/Sites/Fain/craft/app/controllers/TemplatesController.php:36
Stack trace:
#0 [internal function]: Craft\TemplatesController->actionRender('public/css/fain...', Array)
#1 /Users/bcfeeney/Sites/Fain/craft/app/framework/web/actions/CAction.php(108): ReflectionMethod->invokeArgs(Object(Craft\TemplatesController), Array)
#2 /Users/bcfeeney/Sites/Fain/craft/app/framework/web/actions/CInlineAction.php(47): CAction->runWithParamsInternal(Object(Craft\TemplatesController), Object(ReflectionMethod), Array)
#3 /Users/bcfeeney/Sites/Fain/craft/app/framework/web/CController.php(308): CInlineAction->runWithParams(Array)
#4 /Users/bcfeeney/Sites/Fain/craft/app/framework/web/CController.php(286): CController->runAction(Object(CInlineAction))
#5 /Users/bcfeeney/Sites/Fain/craft/app/framework/web/CController.php(265): CController->runActionWithFilters(Object(CInlineAction), NULL)
#6 /Users/bcfeeney/Sites/Fain/craft/app/framework/web/CWebApplication.php(282): CController->run('render')
#7 /Users/bcfeeney/Sites/Fain/craft/app/framework/web/CWebApplication.php(141): CWebApplication->runController('templates/rende...')
#8 /Users/bcfeeney/Sites/Fain/craft/app/etc/web/WebApp.php(257): CWebApplication->processRequest()
#9 /Users/bcfeeney/Sites/Fain/craft/app/framework/base/CApplication.php(180): Craft\WebApp->processRequest()
#10 /Users/bcfeeney/Sites/Fain/craft/app/index.php(196): CApplication->run()
#11 /Users/bcfeeney/Sites/Fain/index.php(14): require_once('/Users/bcfeeney...')
#12 {main}
REQUEST_URI=/public/css/fain-font.css
HTTP_REFERER=http://clayfain.dev/dashboard
---

******************************************************************************************************
2014/08/12 12:26:37 [warning] [application] 404 - 
2014/08/12 12:26:37 [error] [exception.Craft\HttpException.404] exception 'Craft\HttpException' in /Users/bcfeeney/Sites/Fain/craft/app/controllers/TemplatesController.php:36
Stack trace:
#0 [internal function]: Craft\TemplatesController->actionRender('public/css/fain...', Array)
#1 /Users/bcfeeney/Sites/Fain/craft/app/framework/web/actions/CAction.php(108): ReflectionMethod->invokeArgs(Object(Craft\TemplatesController), Array)
#2 /Users/bcfeeney/Sites/Fain/craft/app/framework/web/actions/CInlineAction.php(47): CAction->runWithParamsInternal(Object(Craft\TemplatesController), Object(ReflectionMethod), Array)
#3 /Users/bcfeeney/Sites/Fain/craft/app/framework/web/CController.php(308): CInlineAction->runWithParams(Array)
#4 /Users/bcfeeney/Sites/Fain/craft/app/framework/web/CController.php(286): CController->runAction(Object(CInlineAction))
#5 /Users/bcfeeney/Sites/Fain/craft/app/framework/web/CController.php(265): CController->runActionWithFilters(Object(CInlineAction), NULL)
#6 /Users/bcfeeney/Sites/Fain/craft/app/framework/web/CWebApplication.php(282): CController->run('render')
#7 /Users/bcfeeney/Sites/Fain/craft/app/framework/web/CWebApplication.php(141): CWebApplication->runController('templates/rende...')
#8 /Users/bcfeeney/Sites/Fain/craft/app/etc/web/WebApp.php(257): CWebApplication->processRequest()
#9 /Users/bcfeeney/Sites/Fain/craft/app/framework/base/CApplication.php(180): Craft\WebApp->processRequest()
#10 /Users/bcfeeney/Sites/Fain/craft/app/index.php(196): CApplication->run()
#11 /Users/bcfeeney/Sites/Fain/index.php(14): require_once('/Users/bcfeeney...')
#12 {main}
REQUEST_URI=/public/css/fain-font.css
HTTP_REFERER=http://clayfain.dev/
---

******************************************************************************************************
